  [1m[35m (1.3ms)[0m  [1m[35mSET NAMES utf8,  @@SESSION.sql_mode = CONCAT(CONCAT(@@sql_mode, ',STRICT_ALL_TABLES'), ',NO_AUTO_VALUE_ON_ZERO'),  @@SESSION.sql_auto_is_null = 0, @@SESSION.wait_timeout = 2147483[0m
  ↳ /usr/local/rvm/gems/ruby-2.6.3/bin/rake:23
  [1m[35m (3.7ms)[0m  [1m[34mSELECT `schema_migrations`.`version` FROM `schema_migrations` ORDER BY `schema_migrations`.`version` ASC[0m
  ↳ /usr/local/rvm/gems/ruby-2.6.3/bin/rake:23
  [1m[35m (0.8ms)[0m  [1m[34mSELECT `ar_internal_metadata`.`value` FROM `ar_internal_metadata` WHERE `ar_internal_metadata`.`key` = 'environment'[0m
  ↳ /usr/local/rvm/gems/ruby-2.6.3/bin/rake:23
  [1m[35m (0.3ms)[0m  [1m[34mSELECT `schema_migrations`.`version` FROM `schema_migrations` ORDER BY `schema_migrations`.`version` ASC[0m
  ↳ /usr/local/rvm/gems/ruby-2.6.3/bin/rake:23
  [1m[35m (0.3ms)[0m  [1m[34mSELECT `ar_internal_metadata`.`value` FROM `ar_internal_metadata` WHERE `ar_internal_metadata`.`key` = 'environment'[0m
  ↳ /usr/local/rvm/gems/ruby-2.6.3/bin/rake:23
  [1m[35m (0.3ms)[0m  [1m[34mSELECT `schema_migrations`.`version` FROM `schema_migrations` ORDER BY `schema_migrations`.`version` ASC[0m
  ↳ /usr/local/rvm/gems/ruby-2.6.3/bin/rake:23
  [1m[35m (0.3ms)[0m  [1m[34mSELECT `ar_internal_metadata`.`value` FROM `ar_internal_metadata` WHERE `ar_internal_metadata`.`key` = 'environment'[0m
  ↳ /usr/local/rvm/gems/ruby-2.6.3/bin/rake:23
  [1m[35m (0.3ms)[0m  [1m[35mSET NAMES utf8,  @@SESSION.sql_mode = CONCAT(CONCAT(@@sql_mode, ',STRICT_ALL_TABLES'), ',NO_AUTO_VALUE_ON_ZERO'),  @@SESSION.sql_auto_is_null = 0, @@SESSION.wait_timeout = 2147483[0m
  ↳ /usr/local/rvm/gems/ruby-2.6.3/bin/rake:23
  [1m[35m (145.5ms)[0m  [1m[35mDROP DATABASE IF EXISTS `phoenix-records_development`[0m
  ↳ /usr/local/rvm/gems/ruby-2.6.3/bin/rake:23
  [1m[35m (0.4ms)[0m  [1m[35mSET NAMES utf8,  @@SESSION.sql_mode = CONCAT(CONCAT(@@sql_mode, ',STRICT_ALL_TABLES'), ',NO_AUTO_VALUE_ON_ZERO'),  @@SESSION.sql_auto_is_null = 0, @@SESSION.wait_timeout = 2147483[0m
  ↳ /usr/local/rvm/gems/ruby-2.6.3/bin/rake:23
  [1m[35m (3.9ms)[0m  [1m[35mDROP DATABASE IF EXISTS `phoenix-records_test`[0m
  ↳ /usr/local/rvm/gems/ruby-2.6.3/bin/rake:23
  [1m[35m (0.3ms)[0m  [1m[35mSET NAMES utf8,  @@SESSION.sql_mode = CONCAT(CONCAT(@@sql_mode, ',STRICT_ALL_TABLES'), ',NO_AUTO_VALUE_ON_ZERO'),  @@SESSION.sql_auto_is_null = 0, @@SESSION.wait_timeout = 2147483[0m
  ↳ /usr/local/rvm/gems/ruby-2.6.3/bin/rake:23
  [1m[35m (1.5ms)[0m  [1m[35mCREATE DATABASE `phoenix-records_development` DEFAULT CHARACTER SET `utf8`[0m
  ↳ /usr/local/rvm/gems/ruby-2.6.3/bin/rake:23
  [1m[35m (0.4ms)[0m  [1m[35mSET NAMES utf8,  @@SESSION.sql_mode = CONCAT(CONCAT(@@sql_mode, ',STRICT_ALL_TABLES'), ',NO_AUTO_VALUE_ON_ZERO'),  @@SESSION.sql_auto_is_null = 0, @@SESSION.wait_timeout = 2147483[0m
  ↳ /usr/local/rvm/gems/ruby-2.6.3/bin/rake:23
  [1m[35m (0.4ms)[0m  [1m[35mCREATE DATABASE `phoenix-records_test` DEFAULT CHARACTER SET `utf8`[0m
  ↳ /usr/local/rvm/gems/ruby-2.6.3/bin/rake:23
  [1m[35m (0.2ms)[0m  [1m[35mSET NAMES utf8,  @@SESSION.sql_mode = CONCAT(CONCAT(@@sql_mode, ',STRICT_ALL_TABLES'), ',NO_AUTO_VALUE_ON_ZERO'),  @@SESSION.sql_auto_is_null = 0, @@SESSION.wait_timeout = 2147483[0m
  ↳ /usr/local/rvm/gems/ruby-2.6.3/bin/rake:23
  [1m[35m (28.9ms)[0m  [1m[35mCREATE TABLE `schema_migrations` (`version` varchar(255) NOT NULL PRIMARY KEY)[0m
  ↳ /usr/local/rvm/gems/ruby-2.6.3/bin/rake:23
  [1m[35m (12.7ms)[0m  [1m[35mCREATE TABLE `ar_internal_metadata` (`key` varchar(255) NOT NULL PRIMARY KEY, `value` varchar(255), `created_at` datetime NOT NULL, `updated_at` datetime NOT NULL)[0m
  ↳ /usr/local/rvm/gems/ruby-2.6.3/bin/rake:23
  [1m[35m (1.9ms)[0m  [1m[34mSELECT GET_LOCK('4265991796894494030', 0)[0m
  ↳ /usr/local/rvm/gems/ruby-2.6.3/bin/rake:23
  [1m[35m (1.1ms)[0m  [1m[34mSELECT `schema_migrations`.`version` FROM `schema_migrations` ORDER BY `schema_migrations`.`version` ASC[0m
  ↳ /usr/local/rvm/gems/ruby-2.6.3/bin/rake:23
Migrating to DeviseCreateUsers (20190419204030)
  [1m[35m (20.6ms)[0m  [1m[35mCREATE TABLE `users` (`id` bigint NOT NULL AUTO_INCREMENT PRIMARY KEY, `email` varchar(255) DEFAULT '' NOT NULL, `encrypted_password` varchar(255) DEFAULT '' NOT NULL, `reset_password_token` varchar(255), `reset_password_sent_at` datetime, `remember_created_at` datetime, `created_at` datetime NOT NULL, `updated_at` datetime NOT NULL)[0m
  ↳ db/migrate/20190419204030_devise_create_users.rb:5
  [1m[35m (20.4ms)[0m  [1m[35mCREATE UNIQUE INDEX `index_users_on_email`  ON `users` (`email`) [0m
  ↳ db/migrate/20190419204030_devise_create_users.rb:39
  [1m[35m (19.1ms)[0m  [1m[35mCREATE UNIQUE INDEX `index_users_on_reset_password_token`  ON `users` (`reset_password_token`) [0m
  ↳ db/migrate/20190419204030_devise_create_users.rb:40
  [1m[35m (1.8ms)[0m  [1m[35mBEGIN[0m
  ↳ /usr/local/rvm/gems/ruby-2.6.3/bin/rake:23
  [1m[36mActiveRecord::SchemaMigration Create (1.8ms)[0m  [1m[32mINSERT INTO `schema_migrations` (`version`) VALUES ('20190419204030')[0m
  ↳ /usr/local/rvm/gems/ruby-2.6.3/bin/rake:23
  [1m[35m (2.3ms)[0m  [1m[35mCOMMIT[0m
  ↳ /usr/local/rvm/gems/ruby-2.6.3/bin/rake:23
Migrating to CreateArtists (20190430201043)
  [1m[35m (14.5ms)[0m  [1m[35mCREATE TABLE `artists` (`id` bigint NOT NULL AUTO_INCREMENT PRIMARY KEY, `name` varchar(255), `discogsid` varchar(255), `created_at` datetime NOT NULL, `updated_at` datetime NOT NULL)[0m
  ↳ db/migrate/20190430201043_create_artists.rb:3
  [1m[35m (0.2ms)[0m  [1m[35mBEGIN[0m
  ↳ /usr/local/rvm/gems/ruby-2.6.3/bin/rake:23
  [1m[36mActiveRecord::SchemaMigration Create (2.8ms)[0m  [1m[32mINSERT INTO `schema_migrations` (`version`) VALUES ('20190430201043')[0m
  ↳ /usr/local/rvm/gems/ruby-2.6.3/bin/rake:23
  [1m[35m (2.2ms)[0m  [1m[35mCOMMIT[0m
  ↳ /usr/local/rvm/gems/ruby-2.6.3/bin/rake:23
Migrating to CreatePosts (20190430201054)
  [1m[35m (16.0ms)[0m  [1m[35mCREATE TABLE `posts` (`id` bigint NOT NULL AUTO_INCREMENT PRIMARY KEY, `artist_id` bigint, `title` varchar(255), `discogsid` varchar(255), `year` int, `created_at` datetime NOT NULL, `updated_at` datetime NOT NULL,  INDEX `index_posts_on_artist_id`  (`artist_id`), CONSTRAINT `fk_rails_69546a0287`
FOREIGN KEY (`artist_id`)
  REFERENCES `artists` (`id`)
)[0m
  ↳ db/migrate/20190430201054_create_posts.rb:3
  [1m[35m (0.2ms)[0m  [1m[35mBEGIN[0m
  ↳ /usr/local/rvm/gems/ruby-2.6.3/bin/rake:23
  [1m[36mActiveRecord::SchemaMigration Create (4.0ms)[0m  [1m[32mINSERT INTO `schema_migrations` (`version`) VALUES ('20190430201054')[0m
  ↳ /usr/local/rvm/gems/ruby-2.6.3/bin/rake:23
  [1m[35m (1.7ms)[0m  [1m[35mCOMMIT[0m
  ↳ /usr/local/rvm/gems/ruby-2.6.3/bin/rake:23
Migrating to CreateLabels (20190508141501)
  [1m[35m (14.8ms)[0m  [1m[35mCREATE TABLE `labels` (`id` bigint NOT NULL AUTO_INCREMENT PRIMARY KEY, `name` varchar(255), `created_at` datetime NOT NULL, `updated_at` datetime NOT NULL)[0m
  ↳ db/migrate/20190508141501_create_labels.rb:3
  [1m[35m (1.1ms)[0m  [1m[35mBEGIN[0m
  ↳ /usr/local/rvm/gems/ruby-2.6.3/bin/rake:23
  [1m[36mActiveRecord::SchemaMigration Create (5.5ms)[0m  [1m[32mINSERT INTO `schema_migrations` (`version`) VALUES ('20190508141501')[0m
  ↳ /usr/local/rvm/gems/ruby-2.6.3/bin/rake:23
  [1m[35m (3.1ms)[0m  [1m[35mCOMMIT[0m
  ↳ /usr/local/rvm/gems/ruby-2.6.3/bin/rake:23
Migrating to CreateFormats (20190508141521)
  [1m[35m (22.6ms)[0m  [1m[35mCREATE TABLE `formats` (`id` bigint NOT NULL AUTO_INCREMENT PRIMARY KEY, `name` varchar(255), `created_at` datetime NOT NULL, `updated_at` datetime NOT NULL)[0m
  ↳ db/migrate/20190508141521_create_formats.rb:3
  [1m[35m (0.3ms)[0m  [1m[35mBEGIN[0m
  ↳ /usr/local/rvm/gems/ruby-2.6.3/bin/rake:23
  [1m[36mActiveRecord::SchemaMigration Create (1.4ms)[0m  [1m[32mINSERT INTO `schema_migrations` (`version`) VALUES ('20190508141521')[0m
  ↳ /usr/local/rvm/gems/ruby-2.6.3/bin/rake:23
  [1m[35m (2.3ms)[0m  [1m[35mCOMMIT[0m
  ↳ /usr/local/rvm/gems/ruby-2.6.3/bin/rake:23
Migrating to AddImgArtist (20190730150016)
  [1m[35m (10.5ms)[0m  [1m[35mALTER TABLE `artists` ADD `img` varchar(255)[0m
  ↳ db/migrate/20190730150016_add_img_artist.rb:3
  [1m[35m (0.4ms)[0m  [1m[35mBEGIN[0m
  ↳ /usr/local/rvm/gems/ruby-2.6.3/bin/rake:23
  [1m[36mActiveRecord::SchemaMigration Create (1.0ms)[0m  [1m[32mINSERT INTO `schema_migrations` (`version`) VALUES ('20190730150016')[0m
  ↳ /usr/local/rvm/gems/ruby-2.6.3/bin/rake:23
  [1m[35m (1.7ms)[0m  [1m[35mCOMMIT[0m
  ↳ /usr/local/rvm/gems/ruby-2.6.3/bin/rake:23
Migrating to RenameImg (20190730195859)
  [1m[35m (5.6ms)[0m  [1m[35mALTER TABLE `artists` CHANGE `img` `image` varchar(255) DEFAULT NULL[0m
  ↳ db/migrate/20190730195859_rename_img.rb:3
  [1m[35m (0.6ms)[0m  [1m[35mBEGIN[0m
  ↳ /usr/local/rvm/gems/ruby-2.6.3/bin/rake:23
  [1m[36mActiveRecord::SchemaMigration Create (1.5ms)[0m  [1m[32mINSERT INTO `schema_migrations` (`version`) VALUES ('20190730195859')[0m
  ↳ /usr/local/rvm/gems/ruby-2.6.3/bin/rake:23
  [1m[35m (3.1ms)[0m  [1m[35mCOMMIT[0m
  ↳ /usr/local/rvm/gems/ruby-2.6.3/bin/rake:23
Migrating to DeleteImgColumn (20190822074718)
  [1m[35m (8.9ms)[0m  [1m[35mALTER TABLE `artists` DROP COLUMN `image`[0m
  ↳ db/migrate/20190822074718_delete_img_column.rb:3
  [1m[35m (1.3ms)[0m  [1m[35mBEGIN[0m
  ↳ /usr/local/rvm/gems/ruby-2.6.3/bin/rake:23
  [1m[36mActiveRecord::SchemaMigration Create (2.4ms)[0m  [1m[32mINSERT INTO `schema_migrations` (`version`) VALUES ('20190822074718')[0m
  ↳ /usr/local/rvm/gems/ruby-2.6.3/bin/rake:23
  [1m[35m (8.0ms)[0m  [1m[35mCOMMIT[0m
  ↳ /usr/local/rvm/gems/ruby-2.6.3/bin/rake:23
Migrating to CreateActiveStorageTables (20190822075016)
  [1m[35m (12.4ms)[0m  [1m[35mCREATE TABLE `active_storage_blobs` (`id` bigint NOT NULL AUTO_INCREMENT PRIMARY KEY, `key` varchar(255) NOT NULL, `filename` varchar(255) NOT NULL, `content_type` varchar(255), `metadata` text, `byte_size` bigint NOT NULL, `checksum` varchar(255) NOT NULL, `created_at` datetime NOT NULL, UNIQUE INDEX `index_active_storage_blobs_on_key`  (`key`))[0m
  ↳ db/migrate/20190822075016_create_active_storage_tables.active_storage.rb:4
  [1m[35m (14.8ms)[0m  [1m[35mCREATE TABLE `active_storage_attachments` (`id` bigint NOT NULL AUTO_INCREMENT PRIMARY KEY, `name` varchar(255) NOT NULL, `record_type` varchar(255) NOT NULL, `record_id` bigint NOT NULL, `blob_id` bigint NOT NULL, `created_at` datetime NOT NULL,  INDEX `index_active_storage_attachments_on_blob_id`  (`blob_id`), UNIQUE INDEX `index_active_storage_attachments_uniqueness`  (`record_type`, `record_id`, `name`, `blob_id`), CONSTRAINT `fk_rails_c3b3935057`
FOREIGN KEY (`blob_id`)
  REFERENCES `active_storage_blobs` (`id`)
)[0m
  ↳ db/migrate/20190822075016_create_active_storage_tables.active_storage.rb:16
  [1m[35m (0.2ms)[0m  [1m[35mBEGIN[0m
  ↳ /usr/local/rvm/gems/ruby-2.6.3/bin/rake:23
  [1m[36mActiveRecord::SchemaMigration Create (1.5ms)[0m  [1m[32mINSERT INTO `schema_migrations` (`version`) VALUES ('20190822075016')[0m
  ↳ /usr/local/rvm/gems/ruby-2.6.3/bin/rake:23
  [1m[35m (1.8ms)[0m  [1m[35mCOMMIT[0m
  ↳ /usr/local/rvm/gems/ruby-2.6.3/bin/rake:23
Migrating to CreateArticles (20190824130951)
  [1m[35m (9.4ms)[0m  [1m[35mCREATE TABLE `articles` (`id` bigint NOT NULL AUTO_INCREMENT PRIMARY KEY, `created_at` datetime NOT NULL, `updated_at` datetime NOT NULL)[0m
  ↳ db/migrate/20190824130951_create_articles.rb:3
  [1m[35m (0.2ms)[0m  [1m[35mBEGIN[0m
  ↳ /usr/local/rvm/gems/ruby-2.6.3/bin/rake:23
  [1m[36mActiveRecord::SchemaMigration Create (1.7ms)[0m  [1m[32mINSERT INTO `schema_migrations` (`version`) VALUES ('20190824130951')[0m
  ↳ /usr/local/rvm/gems/ruby-2.6.3/bin/rake:23
  [1m[35m (1.9ms)[0m  [1m[35mCOMMIT[0m
  ↳ /usr/local/rvm/gems/ruby-2.6.3/bin/rake:23
  [1m[36mActiveRecord::InternalMetadata Load (1.2ms)[0m  [1m[34mSELECT  `ar_internal_metadata`.* FROM `ar_internal_metadata` WHERE `ar_internal_metadata`.`key` = 'environment' LIMIT 1[0m
  ↳ /usr/local/rvm/gems/ruby-2.6.3/bin/rake:23
  [1m[35m (0.2ms)[0m  [1m[35mBEGIN[0m
  ↳ /usr/local/rvm/gems/ruby-2.6.3/bin/rake:23
  [1m[36mActiveRecord::InternalMetadata Create (2.5ms)[0m  [1m[32mINSERT INTO `ar_internal_metadata` (`key`, `value`, `created_at`, `updated_at`) VALUES ('environment', 'development', '2019-08-29 11:12:32', '2019-08-29 11:12:32')[0m
  ↳ /usr/local/rvm/gems/ruby-2.6.3/bin/rake:23
  [1m[35m (1.3ms)[0m  [1m[35mCOMMIT[0m
  ↳ /usr/local/rvm/gems/ruby-2.6.3/bin/rake:23
  [1m[35m (1.7ms)[0m  [1m[34mSELECT RELEASE_LOCK('4265991796894494030')[0m
  ↳ /usr/local/rvm/gems/ruby-2.6.3/bin/rake:23
  [1m[35m (0.6ms)[0m  [1m[34mSELECT `schema_migrations`.`version` FROM `schema_migrations` ORDER BY `schema_migrations`.`version` ASC[0m
  ↳ /usr/local/rvm/gems/ruby-2.6.3/bin/rake:23
Started GET "/posts" for 127.0.0.1 at 2019-08-29 13:12:46 +0200
  [1m[35m (0.7ms)[0m  [1m[35mSET NAMES utf8,  @@SESSION.sql_mode = CONCAT(CONCAT(@@sql_mode, ',STRICT_ALL_TABLES'), ',NO_AUTO_VALUE_ON_ZERO'),  @@SESSION.sql_auto_is_null = 0, @@SESSION.wait_timeout = 2147483[0m
  ↳ /usr/local/rvm/gems/ruby-2.6.3/gems/activerecord-5.2.3/lib/active_record/log_subscriber.rb:98
  [1m[35m (0.6ms)[0m  [1m[34mSELECT `schema_migrations`.`version` FROM `schema_migrations` ORDER BY `schema_migrations`.`version` ASC[0m
  ↳ /usr/local/rvm/gems/ruby-2.6.3/gems/activerecord-5.2.3/lib/active_record/log_subscriber.rb:98
Processing by PostsController#index as HTML
  Rendering posts/index.html.erb within layouts/application
  [1m[36mPost Load (0.8ms)[0m  [1m[34mSELECT `posts`.* FROM `posts` ORDER BY created_at DESC[0m
  ↳ app/views/posts/index.html.erb:4
  Rendered posts/index.html.erb within layouts/application (8.2ms)
  Rendered shared/_navbar.html.erb (1.3ms)
  Rendered shared/_message.html.erb (0.9ms)
  Rendered shared/_footer.html.erb (0.8ms)
Completed 200 OK in 1226ms (Views: 1166.6ms | ActiveRecord: 1.9ms)


Started GET "/artists" for 127.0.0.1 at 2019-08-29 13:12:54 +0200
Processing by ArtistsController#index as HTML
  Rendering artists/index.html.erb within layouts/application
  [1m[36mArtist Load (2.3ms)[0m  [1m[34mSELECT `artists`.* FROM `artists` ORDER BY created_at DESC[0m
  ↳ app/views/artists/index.html.erb:3
  Rendered artists/index.html.erb within layouts/application (9.8ms)
  Rendered shared/_navbar.html.erb (1.9ms)
  Rendered shared/_message.html.erb (1.0ms)
  Rendered shared/_footer.html.erb (0.9ms)
Completed 200 OK in 179ms (Views: 159.6ms | ActiveRecord: 5.3ms)


Started GET "/" for 127.0.0.1 at 2019-08-29 13:13:21 +0200
Processing by PagesController#home as HTML
Redirected to http://localhost:3000/posts
Completed 302 Found in 4ms (ActiveRecord: 0.0ms)


Started GET "/posts" for 127.0.0.1 at 2019-08-29 13:13:21 +0200
Processing by PostsController#index as HTML
  Rendering posts/index.html.erb within layouts/application
  [1m[36mPost Load (1.3ms)[0m  [1m[34mSELECT `posts`.* FROM `posts` ORDER BY created_at DESC[0m
  ↳ app/views/posts/index.html.erb:4
  Rendered posts/index.html.erb within layouts/application (3.5ms)
  Rendered shared/_navbar.html.erb (1.5ms)
  Rendered shared/_message.html.erb (1.5ms)
  Rendered shared/_footer.html.erb (0.8ms)
Completed 200 OK in 122ms (Views: 119.8ms | ActiveRecord: 1.3ms)


Started GET "/posts" for 127.0.0.1 at 2019-08-29 13:33:30 +0200
  [1m[35m (20.5ms)[0m  [1m[35mSET NAMES utf8,  @@SESSION.sql_mode = CONCAT(CONCAT(@@sql_mode, ',STRICT_ALL_TABLES'), ',NO_AUTO_VALUE_ON_ZERO'),  @@SESSION.sql_auto_is_null = 0, @@SESSION.wait_timeout = 2147483[0m
  ↳ /usr/local/rvm/gems/ruby-2.6.3/gems/activerecord-5.2.3/lib/active_record/log_subscriber.rb:98
Processing by PostsController#index as HTML
  Rendering posts/index.html.erb within layouts/application
  [1m[36mPost Load (17.9ms)[0m  [1m[34mSELECT `posts`.* FROM `posts` ORDER BY created_at DESC[0m
  ↳ app/views/posts/index.html.erb:4
  Rendered posts/index.html.erb within layouts/application (25.1ms)
  Rendered shared/_navbar.html.erb (1.3ms)
  Rendered shared/_message.html.erb (0.9ms)
  Rendered shared/_footer.html.erb (0.7ms)
Completed 200 OK in 1632ms (Views: 1604.1ms | ActiveRecord: 17.9ms)


Started GET "/artists" for 127.0.0.1 at 2019-08-29 13:33:40 +0200
Processing by ArtistsController#index as HTML
  Rendering artists/index.html.erb within layouts/application
  [1m[36mArtist Load (0.7ms)[0m  [1m[34mSELECT `artists`.* FROM `artists` ORDER BY created_at DESC[0m
  ↳ app/views/artists/index.html.erb:3
  Rendered artists/index.html.erb within layouts/application (4.0ms)
  Rendered shared/_navbar.html.erb (1.7ms)
  Rendered shared/_message.html.erb (1.1ms)
  Rendered shared/_footer.html.erb (0.7ms)
Completed 200 OK in 237ms (Views: 229.7ms | ActiveRecord: 0.7ms)


Started GET "/artists" for 127.0.0.1 at 2019-08-29 13:35:01 +0200
Processing by ArtistsController#index as HTML
  Rendering artists/index.html.erb within layouts/application
  [1m[36mArtist Load (1.5ms)[0m  [1m[34mSELECT `artists`.* FROM `artists` ORDER BY created_at DESC[0m
  ↳ app/views/artists/index.html.erb:3
  Rendered artists/index.html.erb within layouts/application (6.1ms)
  Rendered shared/_navbar.html.erb (5.0ms)
  Rendered shared/_message.html.erb (1.8ms)
  Rendered shared/_footer.html.erb (0.6ms)
Completed 200 OK in 459ms (Views: 451.8ms | ActiveRecord: 1.5ms)


Started GET "/artists" for 127.0.0.1 at 2019-08-29 13:35:06 +0200
Processing by ArtistsController#index as HTML
  Rendering artists/index.html.erb within layouts/application
  [1m[36mArtist Load (0.5ms)[0m  [1m[34mSELECT `artists`.* FROM `artists` ORDER BY created_at DESC[0m
  ↳ app/views/artists/index.html.erb:3
  Rendered artists/index.html.erb within layouts/application (4.1ms)
  Rendered shared/_navbar.html.erb (1.3ms)
  Rendered shared/_message.html.erb (1.2ms)
  Rendered shared/_footer.html.erb (0.7ms)
Completed 200 OK in 169ms (Views: 166.1ms | ActiveRecord: 0.5ms)


Started GET "/" for 127.0.0.1 at 2019-08-29 13:35:08 +0200
Processing by PagesController#home as HTML
Redirected to http://localhost:3000/posts
Completed 302 Found in 1ms (ActiveRecord: 0.0ms)


Started GET "/posts" for 127.0.0.1 at 2019-08-29 13:35:08 +0200
Processing by PostsController#index as HTML
  Rendering posts/index.html.erb within layouts/application
  [1m[36mPost Load (0.6ms)[0m  [1m[34mSELECT `posts`.* FROM `posts` ORDER BY created_at DESC[0m
  ↳ app/views/posts/index.html.erb:4
  Rendered posts/index.html.erb within layouts/application (3.8ms)
  Rendered shared/_navbar.html.erb (0.7ms)
  Rendered shared/_message.html.erb (1.0ms)
  Rendered shared/_footer.html.erb (0.7ms)
Completed 200 OK in 90ms (Views: 86.8ms | ActiveRecord: 0.6ms)


Started GET "/artists" for 127.0.0.1 at 2019-08-29 13:35:20 +0200
Processing by ArtistsController#index as HTML
  Rendering artists/index.html.erb within layouts/application
  [1m[36mArtist Load (3.1ms)[0m  [1m[34mSELECT `artists`.* FROM `artists` ORDER BY created_at DESC[0m
  ↳ app/views/artists/index.html.erb:3
  Rendered artists/index.html.erb within layouts/application (4.6ms)
  Rendered shared/_navbar.html.erb (1.7ms)
  Rendered shared/_message.html.erb (1.4ms)
  Rendered shared/_footer.html.erb (1.1ms)
Completed 200 OK in 234ms (Views: 230.1ms | ActiveRecord: 3.1ms)


